{"C:\\Users\\arian\\.gemini\\antigravity\\playground\\inner-opportunity\\a-darts\\a-darts-web-frontend\\src\\hooks\\useLiveMatchSocket.ts": {"path":"C:\\Users\\arian\\.gemini\\antigravity\\playground\\inner-opportunity\\a-darts\\a-darts-web-frontend\\src\\hooks\\useLiveMatchSocket.ts","statementMap":{"0":{"start":{"line":4,"column":7},"end":{"line":7,"column":null}},"1":{"start":{"line":5,"column":4},"end":{"line":5,"column":null}},"2":{"start":{"line":6,"column":4},"end":{"line":6,"column":null}},"3":{"start":{"line":40,"column":13},"end":{"line":264,"column":null}},"4":{"start":{"line":47,"column":21},"end":{"line":47,"column":68}},"5":{"start":{"line":48,"column":26},"end":{"line":48,"column":65}},"6":{"start":{"line":49,"column":28},"end":{"line":49,"column":74}},"7":{"start":{"line":52,"column":10},"end":{"line":52,"column":42}},"8":{"start":{"line":55,"column":4},"end":{"line":61,"column":null}},"9":{"start":{"line":56,"column":8},"end":{"line":59,"column":null}},"10":{"start":{"line":57,"column":12},"end":{"line":57,"column":null}},"11":{"start":{"line":59,"column":12},"end":{"line":59,"column":null}},"12":{"start":{"line":63,"column":4},"end":{"line":262,"column":null}},"13":{"start":{"line":64,"column":8},"end":{"line":69,"column":null}},"14":{"start":{"line":65,"column":12},"end":{"line":65,"column":null}},"15":{"start":{"line":66,"column":12},"end":{"line":66,"column":null}},"16":{"start":{"line":67,"column":12},"end":{"line":67,"column":null}},"17":{"start":{"line":68,"column":12},"end":{"line":68,"column":null}},"18":{"start":{"line":69,"column":12},"end":{"line":69,"column":null}},"19":{"start":{"line":72,"column":8},"end":{"line":72,"column":null}},"20":{"start":{"line":75,"column":14},"end":{"line":105,"column":null}},"21":{"start":{"line":76,"column":12},"end":{"line":76,"column":null}},"22":{"start":{"line":76,"column":28},"end":{"line":76,"column":null}},"23":{"start":{"line":78,"column":49},"end":{"line":78,"column":null}},"24":{"start":{"line":80,"column":12},"end":{"line":103,"column":null}},"25":{"start":{"line":81,"column":16},"end":{"line":98,"column":null}},"26":{"start":{"line":100,"column":16},"end":{"line":100,"column":null}},"27":{"start":{"line":102,"column":16},"end":{"line":102,"column":null}},"28":{"start":{"line":105,"column":12},"end":{"line":105,"column":null}},"29":{"start":{"line":108,"column":8},"end":{"line":256,"column":null}},"30":{"start":{"line":110,"column":16},"end":{"line":110,"column":null}},"31":{"start":{"line":113,"column":16},"end":{"line":113,"column":null}},"32":{"start":{"line":114,"column":16},"end":{"line":128,"column":null}},"33":{"start":{"line":115,"column":41},"end":{"line":115,"column":null}},"34":{"start":{"line":116,"column":44},"end":{"line":122,"column":null}},"35":{"start":{"line":117,"column":41},"end":{"line":117,"column":null}},"36":{"start":{"line":118,"column":24},"end":{"line":119,"column":null}},"37":{"start":{"line":119,"column":28},"end":{"line":119,"column":null}},"38":{"start":{"line":121,"column":24},"end":{"line":121,"column":null}},"39":{"start":{"line":124,"column":20},"end":{"line":124,"column":null}},"40":{"start":{"line":126,"column":20},"end":{"line":128,"column":null}},"41":{"start":{"line":127,"column":44},"end":{"line":127,"column":null}},"42":{"start":{"line":128,"column":24},"end":{"line":128,"column":null}},"43":{"start":{"line":133,"column":16},"end":{"line":133,"column":null}},"44":{"start":{"line":134,"column":16},"end":{"line":143,"column":null}},"45":{"start":{"line":135,"column":44},"end":{"line":135,"column":null}},"46":{"start":{"line":136,"column":20},"end":{"line":142,"column":null}},"47":{"start":{"line":137,"column":48},"end":{"line":140,"column":null}},"48":{"start":{"line":141,"column":24},"end":{"line":141,"column":null}},"49":{"start":{"line":143,"column":20},"end":{"line":143,"column":null}},"50":{"start":{"line":147,"column":16},"end":{"line":147,"column":null}},"51":{"start":{"line":148,"column":16},"end":{"line":173,"column":null}},"52":{"start":{"line":149,"column":41},"end":{"line":149,"column":null}},"53":{"start":{"line":150,"column":44},"end":{"line":156,"column":null}},"54":{"start":{"line":151,"column":41},"end":{"line":151,"column":null}},"55":{"start":{"line":152,"column":24},"end":{"line":153,"column":null}},"56":{"start":{"line":153,"column":28},"end":{"line":153,"column":null}},"57":{"start":{"line":155,"column":24},"end":{"line":155,"column":null}},"58":{"start":{"line":158,"column":20},"end":{"line":158,"column":null}},"59":{"start":{"line":160,"column":20},"end":{"line":173,"column":null}},"60":{"start":{"line":161,"column":44},"end":{"line":161,"column":null}},"61":{"start":{"line":162,"column":24},"end":{"line":162,"column":null}},"62":{"start":{"line":164,"column":43},"end":{"line":171,"column":null}},"63":{"start":{"line":172,"column":24},"end":{"line":172,"column":null}},"64":{"start":{"line":173,"column":24},"end":{"line":173,"column":null}},"65":{"start":{"line":178,"column":16},"end":{"line":178,"column":null}},"66":{"start":{"line":179,"column":16},"end":{"line":193,"column":null}},"67":{"start":{"line":180,"column":41},"end":{"line":180,"column":null}},"68":{"start":{"line":181,"column":44},"end":{"line":187,"column":null}},"69":{"start":{"line":182,"column":41},"end":{"line":182,"column":null}},"70":{"start":{"line":183,"column":24},"end":{"line":184,"column":null}},"71":{"start":{"line":184,"column":28},"end":{"line":184,"column":null}},"72":{"start":{"line":186,"column":24},"end":{"line":186,"column":null}},"73":{"start":{"line":189,"column":20},"end":{"line":189,"column":null}},"74":{"start":{"line":190,"column":20},"end":{"line":190,"column":null}},"75":{"start":{"line":192,"column":20},"end":{"line":193,"column":null}},"76":{"start":{"line":193,"column":24},"end":{"line":193,"column":null}},"77":{"start":{"line":198,"column":16},"end":{"line":198,"column":null}},"78":{"start":{"line":199,"column":16},"end":{"line":206,"column":null}},"79":{"start":{"line":200,"column":20},"end":{"line":206,"column":null}},"80":{"start":{"line":201,"column":24},"end":{"line":201,"column":null}},"81":{"start":{"line":201,"column":35},"end":{"line":201,"column":null}},"82":{"start":{"line":202,"column":24},"end":{"line":205,"column":null}},"83":{"start":{"line":210,"column":16},"end":{"line":210,"column":null}},"84":{"start":{"line":211,"column":16},"end":{"line":212,"column":null}},"85":{"start":{"line":212,"column":20},"end":{"line":212,"column":null}},"86":{"start":{"line":216,"column":16},"end":{"line":216,"column":null}},"87":{"start":{"line":217,"column":16},"end":{"line":218,"column":null}},"88":{"start":{"line":218,"column":20},"end":{"line":218,"column":null}},"89":{"start":{"line":222,"column":16},"end":{"line":222,"column":null}},"90":{"start":{"line":223,"column":16},"end":{"line":224,"column":null}},"91":{"start":{"line":224,"column":20},"end":{"line":224,"column":null}},"92":{"start":{"line":228,"column":16},"end":{"line":228,"column":null}},"93":{"start":{"line":229,"column":16},"end":{"line":240,"column":null}},"94":{"start":{"line":230,"column":52},"end":{"line":237,"column":null}},"95":{"start":{"line":238,"column":20},"end":{"line":238,"column":null}},"96":{"start":{"line":239,"column":20},"end":{"line":239,"column":null}},"97":{"start":{"line":240,"column":20},"end":{"line":240,"column":null}},"98":{"start":{"line":244,"column":16},"end":{"line":244,"column":null}},"99":{"start":{"line":245,"column":16},"end":{"line":245,"column":null}},"100":{"start":{"line":246,"column":16},"end":{"line":246,"column":null}},"101":{"start":{"line":247,"column":16},"end":{"line":247,"column":null}},"102":{"start":{"line":250,"column":16},"end":{"line":250,"column":null}},"103":{"start":{"line":251,"column":16},"end":{"line":251,"column":null}},"104":{"start":{"line":254,"column":16},"end":{"line":254,"column":null}},"105":{"start":{"line":258,"column":8},"end":{"line":260,"column":null}},"106":{"start":{"line":259,"column":12},"end":{"line":259,"column":null}},"107":{"start":{"line":260,"column":12},"end":{"line":260,"column":null}},"108":{"start":{"line":264,"column":4},"end":{"line":264,"column":null}}},"fnMap":{"0":{"name":"(anonymous_0)","decl":{"start":{"line":4,"column":7},"end":{"line":4,"column":12}},"loc":{"start":{"line":4,"column":7},"end":{"line":7,"column":null}},"line":4},"1":{"name":"(anonymous_1)","decl":{"start":{"line":40,"column":13},"end":{"line":40,"column":35}},"loc":{"start":{"line":46,"column":31},"end":{"line":264,"column":null}},"line":46},"2":{"name":"(anonymous_2)","decl":{"start":{"line":55,"column":4},"end":{"line":55,"column":20}},"loc":{"start":{"line":55,"column":20},"end":{"line":61,"column":8}},"line":55},"3":{"name":"(anonymous_3)","decl":{"start":{"line":63,"column":4},"end":{"line":63,"column":20}},"loc":{"start":{"line":63,"column":20},"end":{"line":262,"column":8}},"line":63},"4":{"name":"(anonymous_4)","decl":{"start":{"line":75,"column":14},"end":{"line":75,"column":41}},"loc":{"start":{"line":75,"column":60},"end":{"line":105,"column":null}},"line":75},"5":{"name":"(anonymous_5)","decl":{"start":{"line":80,"column":12},"end":{"line":80,"column":24}},"loc":{"start":{"line":80,"column":32},"end":{"line":103,"column":null}},"line":80},"6":{"name":"(anonymous_6)","decl":{"start":{"line":109,"column":12},"end":{"line":109,"column":29}},"loc":{"start":{"line":109,"column":29},"end":{"line":110,"column":null}},"line":109},"7":{"name":"(anonymous_7)","decl":{"start":{"line":112,"column":12},"end":{"line":112,"column":30}},"loc":{"start":{"line":112,"column":39},"end":{"line":128,"column":null}},"line":112},"8":{"name":"(anonymous_8)","decl":{"start":{"line":116,"column":63},"end":{"line":116,"column":68}},"loc":{"start":{"line":116,"column":79},"end":{"line":122,"column":null}},"line":116},"9":{"name":"(anonymous_9)","decl":{"start":{"line":132,"column":12},"end":{"line":132,"column":37}},"loc":{"start":{"line":132,"column":46},"end":{"line":143,"column":null}},"line":132},"10":{"name":"(anonymous_10)","decl":{"start":{"line":136,"column":20},"end":{"line":136,"column":37}},"loc":{"start":{"line":136,"column":51},"end":{"line":142,"column":null}},"line":136},"11":{"name":"(anonymous_11)","decl":{"start":{"line":146,"column":12},"end":{"line":146,"column":35}},"loc":{"start":{"line":146,"column":44},"end":{"line":173,"column":null}},"line":146},"12":{"name":"(anonymous_12)","decl":{"start":{"line":150,"column":63},"end":{"line":150,"column":68}},"loc":{"start":{"line":150,"column":79},"end":{"line":156,"column":null}},"line":150},"13":{"name":"(anonymous_13)","decl":{"start":{"line":177,"column":12},"end":{"line":177,"column":35}},"loc":{"start":{"line":177,"column":44},"end":{"line":193,"column":null}},"line":177},"14":{"name":"(anonymous_14)","decl":{"start":{"line":181,"column":63},"end":{"line":181,"column":68}},"loc":{"start":{"line":181,"column":79},"end":{"line":187,"column":null}},"line":181},"15":{"name":"(anonymous_15)","decl":{"start":{"line":197,"column":12},"end":{"line":197,"column":44}},"loc":{"start":{"line":197,"column":53},"end":{"line":206,"column":null}},"line":197},"16":{"name":"(anonymous_16)","decl":{"start":{"line":200,"column":20},"end":{"line":200,"column":33}},"loc":{"start":{"line":200,"column":42},"end":{"line":206,"column":null}},"line":200},"17":{"name":"(anonymous_17)","decl":{"start":{"line":209,"column":12},"end":{"line":209,"column":31}},"loc":{"start":{"line":209,"column":40},"end":{"line":212,"column":null}},"line":209},"18":{"name":"(anonymous_18)","decl":{"start":{"line":215,"column":12},"end":{"line":215,"column":29}},"loc":{"start":{"line":215,"column":38},"end":{"line":218,"column":null}},"line":215},"19":{"name":"(anonymous_19)","decl":{"start":{"line":221,"column":12},"end":{"line":221,"column":31}},"loc":{"start":{"line":221,"column":40},"end":{"line":224,"column":null}},"line":221},"20":{"name":"(anonymous_20)","decl":{"start":{"line":227,"column":12},"end":{"line":227,"column":30}},"loc":{"start":{"line":227,"column":39},"end":{"line":240,"column":null}},"line":227},"21":{"name":"(anonymous_21)","decl":{"start":{"line":243,"column":12},"end":{"line":243,"column":37}},"loc":{"start":{"line":243,"column":37},"end":{"line":247,"column":null}},"line":243},"22":{"name":"(anonymous_22)","decl":{"start":{"line":249,"column":12},"end":{"line":249,"column":27}},"loc":{"start":{"line":249,"column":38},"end":{"line":251,"column":null}},"line":249},"23":{"name":"(anonymous_23)","decl":{"start":{"line":253,"column":12},"end":{"line":253,"column":29}},"loc":{"start":{"line":253,"column":37},"end":{"line":254,"column":null}},"line":253},"24":{"name":"(anonymous_24)","decl":{"start":{"line":258,"column":8},"end":{"line":258,"column":21}},"loc":{"start":{"line":258,"column":21},"end":{"line":260,"column":null}},"line":258}},"branchMap":{"0":{"loc":{"start":{"line":56,"column":8},"end":{"line":59,"column":null}},"type":"if","locations":[{"start":{"line":56,"column":8},"end":{"line":59,"column":null}},{"start":{},"end":{}}],"line":56},"1":{"loc":{"start":{"line":56,"column":12},"end":{"line":56,"column":38}},"type":"binary-expr","locations":[{"start":{"line":56,"column":12},"end":{"line":56,"column":27}},{"start":{"line":56,"column":27},"end":{"line":56,"column":38}}],"line":56},"2":{"loc":{"start":{"line":64,"column":8},"end":{"line":69,"column":null}},"type":"if","locations":[{"start":{"line":64,"column":8},"end":{"line":69,"column":null}},{"start":{},"end":{}}],"line":64},"3":{"loc":{"start":{"line":64,"column":12},"end":{"line":64,"column":39}},"type":"binary-expr","locations":[{"start":{"line":64,"column":12},"end":{"line":64,"column":29}},{"start":{"line":64,"column":29},"end":{"line":64,"column":39}}],"line":64},"4":{"loc":{"start":{"line":76,"column":12},"end":{"line":76,"column":null}},"type":"if","locations":[{"start":{"line":76,"column":12},"end":{"line":76,"column":null}},{"start":{},"end":{}}],"line":76},"5":{"loc":{"start":{"line":82,"column":27},"end":{"line":82,"column":null}},"type":"binary-expr","locations":[{"start":{"line":82,"column":27},"end":{"line":82,"column":46}},{"start":{"line":82,"column":46},"end":{"line":82,"column":null}}],"line":82},"6":{"loc":{"start":{"line":83,"column":39},"end":{"line":83,"column":null}},"type":"binary-expr","locations":[{"start":{"line":83,"column":39},"end":{"line":83,"column":70}},{"start":{"line":83,"column":70},"end":{"line":83,"column":97}},{"start":{"line":83,"column":97},"end":{"line":83,"column":null}}],"line":83},"7":{"loc":{"start":{"line":84,"column":40},"end":{"line":84,"column":null}},"type":"binary-expr","locations":[{"start":{"line":84,"column":40},"end":{"line":84,"column":72}},{"start":{"line":84,"column":72},"end":{"line":84,"column":100}},{"start":{"line":84,"column":100},"end":{"line":84,"column":null}}],"line":84},"8":{"loc":{"start":{"line":85,"column":28},"end":{"line":85,"column":null}},"type":"binary-expr","locations":[{"start":{"line":85,"column":28},"end":{"line":85,"column":48}},{"start":{"line":85,"column":48},"end":{"line":85,"column":null}}],"line":85},"9":{"loc":{"start":{"line":87,"column":40},"end":{"line":87,"column":null}},"type":"binary-expr","locations":[{"start":{"line":87,"column":40},"end":{"line":87,"column":82}},{"start":{"line":87,"column":82},"end":{"line":87,"column":119}},{"start":{"line":87,"column":119},"end":{"line":87,"column":null}}],"line":87},"10":{"loc":{"start":{"line":88,"column":31},"end":{"line":88,"column":null}},"type":"binary-expr","locations":[{"start":{"line":88,"column":31},"end":{"line":88,"column":64}},{"start":{"line":88,"column":64},"end":{"line":88,"column":92}},{"start":{"line":88,"column":92},"end":{"line":88,"column":null}}],"line":88},"11":{"loc":{"start":{"line":89,"column":33},"end":{"line":89,"column":null}},"type":"binary-expr","locations":[{"start":{"line":89,"column":33},"end":{"line":89,"column":68}},{"start":{"line":89,"column":68},"end":{"line":89,"column":98}},{"start":{"line":89,"column":98},"end":{"line":89,"column":null}}],"line":89},"12":{"loc":{"start":{"line":90,"column":33},"end":{"line":90,"column":null}},"type":"binary-expr","locations":[{"start":{"line":90,"column":33},"end":{"line":90,"column":68}},{"start":{"line":90,"column":68},"end":{"line":90,"column":98}},{"start":{"line":90,"column":98},"end":{"line":90,"column":null}}],"line":90},"13":{"loc":{"start":{"line":93,"column":40},"end":{"line":93,"column":null}},"type":"binary-expr","locations":[{"start":{"line":93,"column":40},"end":{"line":93,"column":82}},{"start":{"line":93,"column":82},"end":{"line":93,"column":119}},{"start":{"line":93,"column":119},"end":{"line":93,"column":null}}],"line":93},"14":{"loc":{"start":{"line":94,"column":31},"end":{"line":94,"column":null}},"type":"binary-expr","locations":[{"start":{"line":94,"column":31},"end":{"line":94,"column":64}},{"start":{"line":94,"column":64},"end":{"line":94,"column":92}},{"start":{"line":94,"column":92},"end":{"line":94,"column":null}}],"line":94},"15":{"loc":{"start":{"line":95,"column":33},"end":{"line":95,"column":null}},"type":"binary-expr","locations":[{"start":{"line":95,"column":33},"end":{"line":95,"column":68}},{"start":{"line":95,"column":68},"end":{"line":95,"column":98}},{"start":{"line":95,"column":98},"end":{"line":95,"column":null}}],"line":95},"16":{"loc":{"start":{"line":96,"column":33},"end":{"line":96,"column":null}},"type":"binary-expr","locations":[{"start":{"line":96,"column":33},"end":{"line":96,"column":68}},{"start":{"line":96,"column":68},"end":{"line":96,"column":98}},{"start":{"line":96,"column":98},"end":{"line":96,"column":null}}],"line":96},"17":{"loc":{"start":{"line":114,"column":16},"end":{"line":128,"column":null}},"type":"if","locations":[{"start":{"line":114,"column":16},"end":{"line":128,"column":null}},{"start":{},"end":{}}],"line":114},"18":{"loc":{"start":{"line":114,"column":20},"end":{"line":114,"column":68}},"type":"binary-expr","locations":[{"start":{"line":114,"column":20},"end":{"line":114,"column":48}},{"start":{"line":114,"column":48},"end":{"line":114,"column":68}}],"line":114},"19":{"loc":{"start":{"line":118,"column":24},"end":{"line":119,"column":null}},"type":"if","locations":[{"start":{"line":118,"column":24},"end":{"line":119,"column":null}},{"start":{},"end":{}}],"line":118},"20":{"loc":{"start":{"line":118,"column":28},"end":{"line":118,"column":110}},"type":"binary-expr","locations":[{"start":{"line":118,"column":28},"end":{"line":118,"column":70}},{"start":{"line":118,"column":70},"end":{"line":118,"column":110}}],"line":118},"21":{"loc":{"start":{"line":119,"column":46},"end":{"line":119,"column":79}},"type":"binary-expr","locations":[{"start":{"line":119,"column":46},"end":{"line":119,"column":73}},{"start":{"line":119,"column":73},"end":{"line":119,"column":79}}],"line":119},"22":{"loc":{"start":{"line":119,"column":79},"end":{"line":119,"column":null}},"type":"binary-expr","locations":[{"start":{"line":119,"column":79},"end":{"line":119,"column":106}},{"start":{"line":119,"column":106},"end":{"line":119,"column":null}}],"line":119},"23":{"loc":{"start":{"line":126,"column":20},"end":{"line":128,"column":null}},"type":"if","locations":[{"start":{"line":126,"column":20},"end":{"line":128,"column":null}},{"start":{},"end":{}}],"line":126},"24":{"loc":{"start":{"line":134,"column":16},"end":{"line":143,"column":null}},"type":"if","locations":[{"start":{"line":134,"column":16},"end":{"line":143,"column":null}},{"start":{},"end":{}}],"line":134},"25":{"loc":{"start":{"line":148,"column":16},"end":{"line":173,"column":null}},"type":"if","locations":[{"start":{"line":148,"column":16},"end":{"line":173,"column":null}},{"start":{},"end":{}}],"line":148},"26":{"loc":{"start":{"line":152,"column":24},"end":{"line":153,"column":null}},"type":"if","locations":[{"start":{"line":152,"column":24},"end":{"line":153,"column":null}},{"start":{},"end":{}}],"line":152},"27":{"loc":{"start":{"line":152,"column":28},"end":{"line":152,"column":110}},"type":"binary-expr","locations":[{"start":{"line":152,"column":28},"end":{"line":152,"column":70}},{"start":{"line":152,"column":70},"end":{"line":152,"column":110}}],"line":152},"28":{"loc":{"start":{"line":153,"column":46},"end":{"line":153,"column":79}},"type":"binary-expr","locations":[{"start":{"line":153,"column":46},"end":{"line":153,"column":73}},{"start":{"line":153,"column":73},"end":{"line":153,"column":79}}],"line":153},"29":{"loc":{"start":{"line":153,"column":79},"end":{"line":153,"column":null}},"type":"binary-expr","locations":[{"start":{"line":153,"column":79},"end":{"line":153,"column":106}},{"start":{"line":153,"column":106},"end":{"line":153,"column":null}}],"line":153},"30":{"loc":{"start":{"line":160,"column":20},"end":{"line":173,"column":null}},"type":"if","locations":[{"start":{"line":160,"column":20},"end":{"line":173,"column":null}},{"start":{"line":163,"column":27},"end":{"line":173,"column":null}}],"line":160},"31":{"loc":{"start":{"line":179,"column":16},"end":{"line":193,"column":null}},"type":"if","locations":[{"start":{"line":179,"column":16},"end":{"line":193,"column":null}},{"start":{},"end":{}}],"line":179},"32":{"loc":{"start":{"line":179,"column":20},"end":{"line":179,"column":68}},"type":"binary-expr","locations":[{"start":{"line":179,"column":20},"end":{"line":179,"column":48}},{"start":{"line":179,"column":48},"end":{"line":179,"column":68}}],"line":179},"33":{"loc":{"start":{"line":183,"column":24},"end":{"line":184,"column":null}},"type":"if","locations":[{"start":{"line":183,"column":24},"end":{"line":184,"column":null}},{"start":{},"end":{}}],"line":183},"34":{"loc":{"start":{"line":183,"column":28},"end":{"line":183,"column":110}},"type":"binary-expr","locations":[{"start":{"line":183,"column":28},"end":{"line":183,"column":70}},{"start":{"line":183,"column":70},"end":{"line":183,"column":110}}],"line":183},"35":{"loc":{"start":{"line":184,"column":46},"end":{"line":184,"column":79}},"type":"binary-expr","locations":[{"start":{"line":184,"column":46},"end":{"line":184,"column":73}},{"start":{"line":184,"column":73},"end":{"line":184,"column":79}}],"line":184},"36":{"loc":{"start":{"line":184,"column":79},"end":{"line":184,"column":null}},"type":"binary-expr","locations":[{"start":{"line":184,"column":79},"end":{"line":184,"column":106}},{"start":{"line":184,"column":106},"end":{"line":184,"column":null}}],"line":184},"37":{"loc":{"start":{"line":192,"column":20},"end":{"line":193,"column":null}},"type":"if","locations":[{"start":{"line":192,"column":20},"end":{"line":193,"column":null}},{"start":{},"end":{}}],"line":192},"38":{"loc":{"start":{"line":192,"column":24},"end":{"line":192,"column":84}},"type":"binary-expr","locations":[{"start":{"line":192,"column":24},"end":{"line":192,"column":55}},{"start":{"line":192,"column":55},"end":{"line":192,"column":84}}],"line":192},"39":{"loc":{"start":{"line":199,"column":16},"end":{"line":206,"column":null}},"type":"if","locations":[{"start":{"line":199,"column":16},"end":{"line":206,"column":null}},{"start":{},"end":{}}],"line":199},"40":{"loc":{"start":{"line":201,"column":24},"end":{"line":201,"column":null}},"type":"if","locations":[{"start":{"line":201,"column":24},"end":{"line":201,"column":null}},{"start":{},"end":{}}],"line":201},"41":{"loc":{"start":{"line":204,"column":47},"end":{"line":204,"column":null}},"type":"cond-expr","locations":[{"start":{"line":204,"column":78},"end":{"line":204,"column":82}},{"start":{"line":204,"column":82},"end":{"line":204,"column":null}}],"line":204},"42":{"loc":{"start":{"line":211,"column":16},"end":{"line":212,"column":null}},"type":"if","locations":[{"start":{"line":211,"column":16},"end":{"line":212,"column":null}},{"start":{},"end":{}}],"line":211},"43":{"loc":{"start":{"line":217,"column":16},"end":{"line":218,"column":null}},"type":"if","locations":[{"start":{"line":217,"column":16},"end":{"line":218,"column":null}},{"start":{},"end":{}}],"line":217},"44":{"loc":{"start":{"line":223,"column":16},"end":{"line":224,"column":null}},"type":"if","locations":[{"start":{"line":223,"column":16},"end":{"line":224,"column":null}},{"start":{},"end":{}}],"line":223},"45":{"loc":{"start":{"line":229,"column":16},"end":{"line":240,"column":null}},"type":"if","locations":[{"start":{"line":229,"column":16},"end":{"line":240,"column":null}},{"start":{},"end":{}}],"line":229}},"s":{"0":1,"1":1,"2":1,"3":1,"4":24,"5":24,"6":24,"7":24,"8":24,"9":13,"10":3,"11":3,"12":24,"13":12,"14":1,"15":1,"16":1,"17":1,"18":1,"19":11,"20":11,"21":2,"22":0,"23":2,"24":2,"25":2,"26":2,"27":2,"28":2,"29":11,"30":2,"31":1,"32":1,"33":1,"34":1,"35":8,"36":8,"37":1,"38":8,"39":1,"40":1,"41":1,"42":1,"43":1,"44":1,"45":1,"46":1,"47":1,"48":1,"49":1,"50":1,"51":1,"52":1,"53":1,"54":0,"55":0,"56":0,"57":0,"58":1,"59":1,"60":0,"61":0,"62":1,"63":1,"64":1,"65":0,"66":0,"67":0,"68":0,"69":0,"70":0,"71":0,"72":0,"73":0,"74":0,"75":0,"76":0,"77":1,"78":1,"79":1,"80":1,"81":0,"82":1,"83":1,"84":1,"85":1,"86":1,"87":1,"88":1,"89":1,"90":1,"91":1,"92":0,"93":0,"94":0,"95":0,"96":0,"97":0,"98":1,"99":1,"100":1,"101":1,"102":1,"103":1,"104":0,"105":11,"106":11,"107":11,"108":24},"f":{"0":1,"1":24,"2":13,"3":12,"4":2,"5":2,"6":2,"7":1,"8":8,"9":1,"10":1,"11":1,"12":0,"13":0,"14":0,"15":1,"16":1,"17":1,"18":1,"19":1,"20":0,"21":1,"22":1,"23":0,"24":11},"b":{"0":[3,10],"1":[13,3],"2":[1,11],"3":[12,11],"4":[0,2],"5":[2,0],"6":[2,1,1],"7":[2,2,2],"8":[2,2],"9":[2,0,0],"10":[2,1,1],"11":[2,1,1],"12":[2,0,0],"13":[2,1,1],"14":[2,1,1],"15":[2,1,1],"16":[2,1,1],"17":[1,0],"18":[1,1],"19":[1,7],"20":[8,2],"21":[1,1],"22":[1,0],"23":[1,0],"24":[1,0],"25":[1,0],"26":[0,0],"27":[0,0],"28":[0,0],"29":[0,0],"30":[0,1],"31":[0,0],"32":[0,0],"33":[0,0],"34":[0,0],"35":[0,0],"36":[0,0],"37":[0,0],"38":[0,0],"39":[1,0],"40":[0,1],"41":[1,0],"42":[1,0],"43":[1,0],"44":[1,0],"45":[0,0]},"meta":{"lastBranch":46,"lastFunction":25,"lastStatement":109,"seen":{"s:4:7:7:Infinity":0,"f:4:7:4:12":0,"s:5:4:5:Infinity":1,"s:6:4:6:Infinity":2,"s:40:13:264:Infinity":3,"f:40:13:40:35":1,"s:47:21:47:68":4,"s:48:26:48:65":5,"s:49:28:49:74":6,"s:52:10:52:42":7,"s:55:4:61:Infinity":8,"f:55:4:55:20":2,"b:56:8:59:Infinity:undefined:undefined:undefined:undefined":0,"s:56:8:59:Infinity":9,"b:56:12:56:27:56:27:56:38":1,"s:57:12:57:Infinity":10,"s:59:12:59:Infinity":11,"s:63:4:262:Infinity":12,"f:63:4:63:20":3,"b:64:8:69:Infinity:undefined:undefined:undefined:undefined":2,"s:64:8:69:Infinity":13,"b:64:12:64:29:64:29:64:39":3,"s:65:12:65:Infinity":14,"s:66:12:66:Infinity":15,"s:67:12:67:Infinity":16,"s:68:12:68:Infinity":17,"s:69:12:69:Infinity":18,"s:72:8:72:Infinity":19,"s:75:14:105:Infinity":20,"f:75:14:75:41":4,"b:76:12:76:Infinity:undefined:undefined:undefined:undefined":4,"s:76:12:76:Infinity":21,"s:76:28:76:Infinity":22,"s:78:49:78:Infinity":23,"s:80:12:103:Infinity":24,"f:80:12:80:24":5,"s:81:16:98:Infinity":25,"b:82:27:82:46:82:46:82:Infinity":5,"b:83:39:83:70:83:70:83:97:83:97:83:Infinity":6,"b:84:40:84:72:84:72:84:100:84:100:84:Infinity":7,"b:85:28:85:48:85:48:85:Infinity":8,"b:87:40:87:82:87:82:87:119:87:119:87:Infinity":9,"b:88:31:88:64:88:64:88:92:88:92:88:Infinity":10,"b:89:33:89:68:89:68:89:98:89:98:89:Infinity":11,"b:90:33:90:68:90:68:90:98:90:98:90:Infinity":12,"b:93:40:93:82:93:82:93:119:93:119:93:Infinity":13,"b:94:31:94:64:94:64:94:92:94:92:94:Infinity":14,"b:95:33:95:68:95:68:95:98:95:98:95:Infinity":15,"b:96:33:96:68:96:68:96:98:96:98:96:Infinity":16,"s:100:16:100:Infinity":26,"s:102:16:102:Infinity":27,"s:105:12:105:Infinity":28,"s:108:8:256:Infinity":29,"f:109:12:109:29":6,"s:110:16:110:Infinity":30,"f:112:12:112:30":7,"s:113:16:113:Infinity":31,"b:114:16:128:Infinity:undefined:undefined:undefined:undefined":17,"s:114:16:128:Infinity":32,"b:114:20:114:48:114:48:114:68":18,"s:115:41:115:Infinity":33,"s:116:44:122:Infinity":34,"f:116:63:116:68":8,"s:117:41:117:Infinity":35,"b:118:24:119:Infinity:undefined:undefined:undefined:undefined":19,"s:118:24:119:Infinity":36,"b:118:28:118:70:118:70:118:110":20,"s:119:28:119:Infinity":37,"b:119:46:119:73:119:73:119:79":21,"b:119:79:119:106:119:106:119:Infinity":22,"s:121:24:121:Infinity":38,"s:124:20:124:Infinity":39,"b:126:20:128:Infinity:undefined:undefined:undefined:undefined":23,"s:126:20:128:Infinity":40,"s:127:44:127:Infinity":41,"s:128:24:128:Infinity":42,"f:132:12:132:37":9,"s:133:16:133:Infinity":43,"b:134:16:143:Infinity:undefined:undefined:undefined:undefined":24,"s:134:16:143:Infinity":44,"s:135:44:135:Infinity":45,"s:136:20:142:Infinity":46,"f:136:20:136:37":10,"s:137:48:140:Infinity":47,"s:141:24:141:Infinity":48,"s:143:20:143:Infinity":49,"f:146:12:146:35":11,"s:147:16:147:Infinity":50,"b:148:16:173:Infinity:undefined:undefined:undefined:undefined":25,"s:148:16:173:Infinity":51,"s:149:41:149:Infinity":52,"s:150:44:156:Infinity":53,"f:150:63:150:68":12,"s:151:41:151:Infinity":54,"b:152:24:153:Infinity:undefined:undefined:undefined:undefined":26,"s:152:24:153:Infinity":55,"b:152:28:152:70:152:70:152:110":27,"s:153:28:153:Infinity":56,"b:153:46:153:73:153:73:153:79":28,"b:153:79:153:106:153:106:153:Infinity":29,"s:155:24:155:Infinity":57,"s:158:20:158:Infinity":58,"b:160:20:173:Infinity:163:27:173:Infinity":30,"s:160:20:173:Infinity":59,"s:161:44:161:Infinity":60,"s:162:24:162:Infinity":61,"s:164:43:171:Infinity":62,"s:172:24:172:Infinity":63,"s:173:24:173:Infinity":64,"f:177:12:177:35":13,"s:178:16:178:Infinity":65,"b:179:16:193:Infinity:undefined:undefined:undefined:undefined":31,"s:179:16:193:Infinity":66,"b:179:20:179:48:179:48:179:68":32,"s:180:41:180:Infinity":67,"s:181:44:187:Infinity":68,"f:181:63:181:68":14,"s:182:41:182:Infinity":69,"b:183:24:184:Infinity:undefined:undefined:undefined:undefined":33,"s:183:24:184:Infinity":70,"b:183:28:183:70:183:70:183:110":34,"s:184:28:184:Infinity":71,"b:184:46:184:73:184:73:184:79":35,"b:184:79:184:106:184:106:184:Infinity":36,"s:186:24:186:Infinity":72,"s:189:20:189:Infinity":73,"s:190:20:190:Infinity":74,"b:192:20:193:Infinity:undefined:undefined:undefined:undefined":37,"s:192:20:193:Infinity":75,"b:192:24:192:55:192:55:192:84":38,"s:193:24:193:Infinity":76,"f:197:12:197:44":15,"s:198:16:198:Infinity":77,"b:199:16:206:Infinity:undefined:undefined:undefined:undefined":39,"s:199:16:206:Infinity":78,"s:200:20:206:Infinity":79,"f:200:20:200:33":16,"b:201:24:201:Infinity:undefined:undefined:undefined:undefined":40,"s:201:24:201:Infinity":80,"s:201:35:201:Infinity":81,"s:202:24:205:Infinity":82,"b:204:78:204:82:204:82:204:Infinity":41,"f:209:12:209:31":17,"s:210:16:210:Infinity":83,"b:211:16:212:Infinity:undefined:undefined:undefined:undefined":42,"s:211:16:212:Infinity":84,"s:212:20:212:Infinity":85,"f:215:12:215:29":18,"s:216:16:216:Infinity":86,"b:217:16:218:Infinity:undefined:undefined:undefined:undefined":43,"s:217:16:218:Infinity":87,"s:218:20:218:Infinity":88,"f:221:12:221:31":19,"s:222:16:222:Infinity":89,"b:223:16:224:Infinity:undefined:undefined:undefined:undefined":44,"s:223:16:224:Infinity":90,"s:224:20:224:Infinity":91,"f:227:12:227:30":20,"s:228:16:228:Infinity":92,"b:229:16:240:Infinity:undefined:undefined:undefined:undefined":45,"s:229:16:240:Infinity":93,"s:230:52:237:Infinity":94,"s:238:20:238:Infinity":95,"s:239:20:239:Infinity":96,"s:240:20:240:Infinity":97,"f:243:12:243:37":21,"s:244:16:244:Infinity":98,"s:245:16:245:Infinity":99,"s:246:16:246:Infinity":100,"s:247:16:247:Infinity":101,"f:249:12:249:27":22,"s:250:16:250:Infinity":102,"s:251:16:251:Infinity":103,"f:253:12:253:29":23,"s:254:16:254:Infinity":104,"s:258:8:260:Infinity":105,"f:258:8:258:21":24,"s:259:12:259:Infinity":106,"s:260:12:260:Infinity":107,"s:264:4:264:Infinity":108},"fnNames":{}}}
}
